app/build/intermediates/manifest_merge_blame_file/release/manifest-merger-blame-release-report.txt
1<?xml version="1.0" encoding="utf-8"?>
2<manifest xmlns:android="http://schemas.android.com/apk/res/android"
3    package="com.waseem.brickgame"
4    android:versionCode="3"
5    android:versionName="1.0" >
6
7    <uses-sdk
8        android:minSdkVersion="21"
8-->src\main\AndroidManifest.xml
9        android:targetSdkVersion="32" />
9-->src\main\AndroidManifest.xml
10
11    <uses-permission android:name="android.permission.INTERNET" />
11-->src\main\AndroidManifest.xml:6:5-66
11-->src\main\AndroidManifest.xml:6:22-64
12    <uses-permission android:name="android.permission.ACCESS_NETWORK_STATE" />
12-->[com.google.android.gms:play-services-measurement:21.2.0] AndroidManifest.xml:24:5-79
12-->[com.google.android.gms:play-services-measurement:21.2.0] AndroidManifest.xml:24:22-76
13    <uses-permission android:name="android.permission.WAKE_LOCK" />
13-->[com.google.android.gms:play-services-measurement:21.2.0] AndroidManifest.xml:25:5-68
13-->[com.google.android.gms:play-services-measurement:21.2.0] AndroidManifest.xml:25:22-65
14    <uses-permission android:name="com.google.android.finsky.permission.BIND_GET_INSTALL_REFERRER_SERVICE" />
14-->[com.google.android.gms:play-services-measurement:21.2.0] AndroidManifest.xml:26:5-110
14-->[com.google.android.gms:play-services-measurement:21.2.0] AndroidManifest.xml:26:22-107
15    <uses-permission android:name="com.google.android.gms.permission.AD_ID" />
15-->[com.google.android.gms:play-services-measurement-api:21.2.0] AndroidManifest.xml:25:5-79
15-->[com.google.android.gms:play-services-measurement-api:21.2.0] AndroidManifest.xml:25:22-76
16
17    <application
17-->src\main\AndroidManifest.xml:8:5-44:19
18        android:name="com.waseem.brickgame.BlockGameApp"
18-->src\main\AndroidManifest.xml:9:9-37
19        android:allowBackup="true"
19-->src\main\AndroidManifest.xml:10:9-35
20        android:appComponentFactory="androidx.core.app.CoreComponentFactory"
20-->[androidx.core:core:1.3.0-beta01] AndroidManifest.xml:24:18-86
21        android:fullBackupContent="true"
21-->src\main\AndroidManifest.xml:11:9-41
22        android:icon="@mipmap/block_logo"
22-->src\main\AndroidManifest.xml:12:9-42
23        android:label="@string/app_name"
23-->src\main\AndroidManifest.xml:13:9-41
24        android:roundIcon="@mipmap/block_logo_round"
24-->src\main\AndroidManifest.xml:14:9-53
25        android:supportsRtl="true"
25-->src\main\AndroidManifest.xml:15:9-35
26        android:theme="@style/AppTheme" >
26-->src\main\AndroidManifest.xml:16:9-40
27        <activity
27-->src\main\AndroidManifest.xml:18:9-21:20
28            android:name="com.waseem.brickgame.ui.settings.PrivacyPolicyActivity"
28-->src\main\AndroidManifest.xml:19:13-62
29            android:screenOrientation="portrait" >
29-->src\main\AndroidManifest.xml:20:13-49
30        </activity>
31        <activity
31-->src\main\AndroidManifest.xml:22:9-25:20
32            android:name="com.waseem.brickgame.ui.settings.SettingsActivity"
32-->src\main\AndroidManifest.xml:23:13-57
33            android:screenOrientation="portrait" >
33-->src\main\AndroidManifest.xml:24:13-49
34        </activity>
35        <activity
35-->src\main\AndroidManifest.xml:26:9-35:20
36            android:name="com.waseem.brickgame.ui.start.StartActivity"
36-->src\main\AndroidManifest.xml:28:13-51
37            android:exported="true"
37-->src\main\AndroidManifest.xml:27:13-36
38            android:screenOrientation="portrait" >
38-->src\main\AndroidManifest.xml:29:13-49
39            <intent-filter>
39-->src\main\AndroidManifest.xml:30:13-34:29
40                <action android:name="android.intent.action.MAIN" />
40-->src\main\AndroidManifest.xml:31:17-68
40-->src\main\AndroidManifest.xml:31:25-66
41
42                <category android:name="android.intent.category.LAUNCHER" />
42-->src\main\AndroidManifest.xml:33:17-76
42-->src\main\AndroidManifest.xml:33:27-74
43            </intent-filter>
44        </activity>
45        <activity
45-->src\main\AndroidManifest.xml:36:9-39:20
46            android:name="com.waseem.brickgame.ui.main.MainActivity"
46-->src\main\AndroidManifest.xml:37:13-49
47            android:screenOrientation="portrait" >
47-->src\main\AndroidManifest.xml:38:13-49
48        </activity>
49        <activity
49-->src\main\AndroidManifest.xml:40:9-43:20
50            android:name="com.waseem.brickgame.ui.score.ScoreActivity"
50-->src\main\AndroidManifest.xml:41:13-51
51            android:screenOrientation="portrait" >
51-->src\main\AndroidManifest.xml:42:13-49
52        </activity>
53
54        <receiver
54-->[com.google.android.gms:play-services-measurement:21.2.0] AndroidManifest.xml:29:9-33:20
55            android:name="com.google.android.gms.measurement.AppMeasurementReceiver"
55-->[com.google.android.gms:play-services-measurement:21.2.0] AndroidManifest.xml:30:13-85
56            android:enabled="true"
56-->[com.google.android.gms:play-services-measurement:21.2.0] AndroidManifest.xml:31:13-35
57            android:exported="false" >
57-->[com.google.android.gms:play-services-measurement:21.2.0] AndroidManifest.xml:32:13-37
58        </receiver>
59
60        <service
60-->[com.google.android.gms:play-services-measurement:21.2.0] AndroidManifest.xml:35:9-38:40
61            android:name="com.google.android.gms.measurement.AppMeasurementService"
61-->[com.google.android.gms:play-services-measurement:21.2.0] AndroidManifest.xml:36:13-84
62            android:enabled="true"
62-->[com.google.android.gms:play-services-measurement:21.2.0] AndroidManifest.xml:37:13-35
63            android:exported="false" />
63-->[com.google.android.gms:play-services-measurement:21.2.0] AndroidManifest.xml:38:13-37
64        <service
64-->[com.google.android.gms:play-services-measurement:21.2.0] AndroidManifest.xml:39:9-43:72
65            android:name="com.google.android.gms.measurement.AppMeasurementJobService"
65-->[com.google.android.gms:play-services-measurement:21.2.0] AndroidManifest.xml:40:13-87
66            android:enabled="true"
66-->[com.google.android.gms:play-services-measurement:21.2.0] AndroidManifest.xml:41:13-35
67            android:exported="false"
67-->[com.google.android.gms:play-services-measurement:21.2.0] AndroidManifest.xml:42:13-37
68            android:permission="android.permission.BIND_JOB_SERVICE" />
68-->[com.google.android.gms:play-services-measurement:21.2.0] AndroidManifest.xml:43:13-69
69        <service
69-->[com.google.android.gms:play-services-measurement-api:21.2.0] AndroidManifest.xml:28:9-34:19
70            android:name="com.google.firebase.components.ComponentDiscoveryService"
70-->[com.google.android.gms:play-services-measurement-api:21.2.0] AndroidManifest.xml:29:13-84
71            android:directBootAware="true"
71-->[com.google.firebase:firebase-common:20.2.0] AndroidManifest.xml:34:13-43
72            android:exported="false" >
72-->[com.google.android.gms:play-services-measurement-api:21.2.0] AndroidManifest.xml:30:13-37
73            <meta-data
73-->[com.google.android.gms:play-services-measurement-api:21.2.0] AndroidManifest.xml:31:13-33:85
74                android:name="com.google.firebase.components:com.google.firebase.analytics.connector.internal.AnalyticsConnectorRegistrar"
74-->[com.google.android.gms:play-services-measurement-api:21.2.0] AndroidManifest.xml:32:17-139
75                android:value="com.google.firebase.components.ComponentRegistrar" />
75-->[com.google.android.gms:play-services-measurement-api:21.2.0] AndroidManifest.xml:33:17-82
76            <meta-data
76-->[com.google.firebase:firebase-installations:17.0.1] AndroidManifest.xml:18:13-20:85
77                android:name="com.google.firebase.components:com.google.firebase.installations.FirebaseInstallationsRegistrar"
77-->[com.google.firebase:firebase-installations:17.0.1] AndroidManifest.xml:19:17-127
78                android:value="com.google.firebase.components.ComponentRegistrar" />
78-->[com.google.firebase:firebase-installations:17.0.1] AndroidManifest.xml:20:17-82
79        </service>
80
81        <provider
81-->[com.google.firebase:firebase-common:20.2.0] AndroidManifest.xml:25:9-30:39
82            android:name="com.google.firebase.provider.FirebaseInitProvider"
82-->[com.google.firebase:firebase-common:20.2.0] AndroidManifest.xml:26:13-77
83            android:authorities="com.waseem.brickgame.firebaseinitprovider"
83-->[com.google.firebase:firebase-common:20.2.0] AndroidManifest.xml:27:13-72
84            android:directBootAware="true"
84-->[com.google.firebase:firebase-common:20.2.0] AndroidManifest.xml:28:13-43
85            android:exported="false"
85-->[com.google.firebase:firebase-common:20.2.0] AndroidManifest.xml:29:13-37
86            android:initOrder="100" />
86-->[com.google.firebase:firebase-common:20.2.0] AndroidManifest.xml:30:13-36
87
88        <meta-data
88-->[com.google.android.gms:play-services-basement:18.1.0] AndroidManifest.xml:21:9-23:69
89            android:name="com.google.android.gms.version"
89-->[com.google.android.gms:play-services-basement:18.1.0] AndroidManifest.xml:22:13-58
90            android:value="@integer/google_play_services_version" />
90-->[com.google.android.gms:play-services-basement:18.1.0] AndroidManifest.xml:23:13-66
91    </application>
92
93</manifest>